<?xml version="1.0" encoding="UTF-8"?>
<testsuite name="com.springboot.repository.MemoryMemberRepositoryTest" tests="1" skipped="0" failures="0" errors="0" timestamp="2020-12-06T11:18:01" hostname="DESKTOP-N570VBB" time="0.005">
  <properties/>
  <testcase name="findByName" classname="com.springboot.repository.MemoryMemberRepositoryTest" time="0.005"/>
  <system-out><![CDATA[No
]]></system-out>
  <system-err><![CDATA[]]></system-err>
</testsuite>
